<?xml version="1.0" encoding="UTF-8"?>
<!-- Generated by org.testng.reporters.JUnitReportReporter -->
<testsuite hostname="DESKTOP-BL7LKEH" failures="0" tests="12" name="testngflags.Flag7" time="0.087" errors="0" timestamp="2022-06-20T12:40:04 IST" skipped="0">
  <testcase classname="testngflags.Flag7" name="ft2" time="0.009"/>
  <system-out>
    <![CDATA[ft2]]>
  </system-out>
  <testcase classname="testngflags.Flag7" name="ft6" time="0.006"/>
  <system-out>
    <![CDATA[ft6]]>
  </system-out>
  <testcase classname="testngflags.Flag7" name="ft1" time="0.030"/>
  <system-out>
    <![CDATA[ft1]]>
  </system-out>
  <testcase classname="testngflags.Flag7" name="st2" time="0.002"/>
  <system-out>
    <![CDATA[st2]]>
  </system-out>
  <testcase classname="testngflags.Flag7" name="st3" time="0.003"/>
  <system-out>
    <![CDATA[st3]]>
  </system-out>
  <testcase classname="testngflags.Flag7" name="st4" time="0.005"/>
  <system-out>
    <![CDATA[st4]]>
  </system-out>
  <testcase classname="testngflags.Flag7" name="st6" time="0.004"/>
  <system-out>
    <![CDATA[st6]]>
  </system-out>
  <testcase classname="testngflags.Flag7" name="ft5" time="0.005"/>
  <system-out>
    <![CDATA[ft5]]>
  </system-out>
  <testcase classname="testngflags.Flag7" name="st5" time="0.011"/>
  <system-out>
    <![CDATA[st5]]>
  </system-out>
  <testcase classname="testngflags.Flag7" name="st1" time="0.003"/>
  <system-out>
    <![CDATA[st1]]>
  </system-out>
  <testcase classname="testngflags.Flag7" name="ft3" time="0.004"/>
  <system-out>
    <![CDATA[ft3]]>
  </system-out>
  <testcase classname="testngflags.Flag7" name="ft4" time="0.005"/>
  <system-out>
    <![CDATA[ft4]]>
  </system-out>
</testsuite> <!-- testngflags.Flag7 -->
