<?xml version="1.0" encoding="UTF-8"?>
<!-- Generated by org.testng.reporters.JUnitReportReporter -->
<testsuite hostname="DESKTOP-BL7LKEH" failures="0" tests="1" name="testngflags.Flag1" time="0.026" errors="0" timestamp="2022-06-14T13:10:45 IST" skipped="0">
  <testcase classname="testngflags.Flag1" name="login" time="0.026"/>
  <system-out>
    <![CDATA[Login is performed]]>
  </system-out>
</testsuite> <!-- testngflags.Flag1 -->
