<?xml version="1.0" encoding="UTF-8"?>
<!-- Generated by org.testng.reporters.JUnitReportReporter -->
<testsuite hostname="DESKTOP-BL7LKEH" failures="0" tests="3" name="testannotations.TestValidLogin" time="51.427" errors="0" timestamp="2022-06-25T11:40:50 IST" skipped="0">
  <testcase classname="testannotations.TestValidLogin" name="search1" time="14.571"/>
  <system-out/>
  <testcase classname="testannotations.TestValidLogin" name="search2" time="25.474"/>
  <system-out/>
  <testcase classname="testannotations.TestValidLogin" name="search3" time="11.382"/>
  <system-out/>
</testsuite> <!-- testannotations.TestValidLogin -->
