<?xml version="1.0" encoding="UTF-8"?>
<!-- Generated by org.testng.reporters.JUnitReportReporter -->
<testsuite hostname="DESKTOP-BL7LKEH" failures="0" tests="2" name="testannotations.NewTest" time="0.032" errors="0" timestamp="2022-06-25T10:33:25 IST" skipped="0">
  <testcase classname="testannotations.NewTest" name="test2" time="0.013"/>
  <system-out>
    <![CDATA[Test case 2]]>
  </system-out>
  <testcase classname="testannotations.NewTest" name="test1" time="0.019"/>
  <system-out>
    <![CDATA[Test case 1]]>
  </system-out>
</testsuite> <!-- testannotations.NewTest -->
