<?xml version="1.0" encoding="UTF-8"?>
<!-- Generated by org.testng.reporters.JUnitReportReporter -->
<testsuite hostname="DESKTOP-BL7LKEH" failures="0" tests="2" name="parallelexecution.Class3" time="27.689" errors="0" timestamp="2022-06-22T20:34:29 IST" skipped="0">
  <testcase classname="parallelexecution.Class3" name="setUp" time="22.477"/>
  <system-out/>
  <testcase classname="parallelexecution.Class3" name="tearDown" time="5.212"/>
  <system-out/>
</testsuite> <!-- parallelexecution.Class3 -->
