<?xml version="1.0" encoding="UTF-8"?>
<!-- Generated by org.testng.reporters.JUnitReportReporter -->
<testsuite hostname="DESKTOP-BL7LKEH" failures="0" tests="2" name="dataparameterization.DataParaActiTime" time="70.078" errors="0" timestamp="2022-06-21T12:51:41 IST" skipped="0">
  <testcase classname="dataparameterization.DataParaActiTime" name="enterUsername" time="52.993"/>
  <system-out/>
  <testcase classname="dataparameterization.DataParaActiTime" name="enterUsername" time="17.085"/>
  <system-out/>
</testsuite> <!-- dataparameterization.DataParaActiTime -->
