<?xml version="1.0" encoding="UTF-8"?>
<!-- Generated by org.testng.reporters.JUnitReportReporter -->
<testsuite hostname="DESKTOP-BL7LKEH" failures="0" tests="1" name="testngflags.Class1" time="13.029" errors="0" timestamp="2022-06-14T13:04:13 IST" skipped="0">
  <testcase classname="testngflags.Class1" name="f" time="13.029"/>
  <system-out/>
</testsuite> <!-- testngflags.Class1 -->
