<?xml version="1.0" encoding="UTF-8"?>
<!-- Generated by org.testng.reporters.JUnitReportReporter -->
<testsuite hostname="DESKTOP-BL7LKEH" failures="0" tests="2" name="parallelexecution.Class1" time="28.477" errors="0" timestamp="2022-06-22T20:34:29 IST" skipped="0">
  <testcase classname="parallelexecution.Class1" name="setUp" time="23.215"/>
  <system-out/>
  <testcase classname="parallelexecution.Class1" name="tearDown" time="5.262"/>
  <system-out/>
</testsuite> <!-- parallelexecution.Class1 -->
