<?xml version="1.0" encoding="UTF-8"?>
<!-- Generated by org.testng.reporters.JUnitReportReporter -->
<testsuite hostname="DESKTOP-BL7LKEH" failures="0" tests="2" name="parallelexecution.Class2" time="27.066" errors="0" timestamp="2022-06-22T20:34:29 IST" skipped="0">
  <testcase classname="parallelexecution.Class2" name="setUp" time="22.097"/>
  <system-out/>
  <testcase classname="parallelexecution.Class2" name="tearDown" time="4.969"/>
  <system-out/>
</testsuite> <!-- parallelexecution.Class2 -->
