<?xml version="1.0" encoding="UTF-8"?>
<!-- Generated by org.testng.reporters.JUnitReportReporter -->
<testsuite hostname="DESKTOP-BL7LKEH" failures="0" tests="2" name="parallelexecution.Class4" time="31.669" errors="0" timestamp="2022-06-22T20:34:29 IST" skipped="0">
  <testcase classname="parallelexecution.Class4" name="setUp" time="27.292"/>
  <system-out/>
  <testcase classname="parallelexecution.Class4" name="tearDown" time="4.377"/>
  <system-out/>
</testsuite> <!-- parallelexecution.Class4 -->
