<?xml version="1.0" encoding="UTF-8"?>
<!-- Generated by org.testng.reporters.JUnitReportReporter -->
<testsuite hostname="DESKTOP-BL7LKEH" failures="0" tests="2" name="parallelexecution.MethodsParallely" time="30.069" errors="0" timestamp="2022-06-22T20:16:53 IST" skipped="0">
  <testcase classname="parallelexecution.MethodsParallely" name="methodA" time="10.467"/>
  <system-out/>
  <testcase classname="parallelexecution.MethodsParallely" name="method" time="19.602"/>
  <system-out/>
</testsuite> <!-- parallelexecution.MethodsParallely -->
