<?xml version="1.0" encoding="UTF-8"?>
<!-- Generated by org.testng.reporters.JUnitReportReporter -->
<testsuite hostname="DESKTOP-BL7LKEH" failures="0" tests="1" name="assertionInTestNG.AssertioninTestNG" time="0.038" errors="0" timestamp="2022-06-14T13:13:42 IST" skipped="0">
  <testcase classname="assertionInTestNG.AssertioninTestNG" name="testCase" time="0.038"/>
  <system-out>
    <![CDATA[launch the browser
launch the web app by using url
verify the login page title
perform login
verify home page title
create user
create contact]]>
  </system-out>
</testsuite> <!-- assertionInTestNG.AssertioninTestNG -->
